Using pre-set license
Built from '2020.3/staging' branch; Version is '2020.3.11f1 (99c7afb366b3) revision 10078127'; Using compiler version '192528614'; Build Type 'Release'
OS: 'Windows 10 Pro; OS build 19043.1288; Version 2009; 64bit' Language: 'en' Physical Memory: 16327 MB
BatchMode: 1, IsHumanControllingUs: 0, StartBugReporterOnCrash: 0, Is64bit: 1, IsPro: 0

 COMMAND LINE ARGUMENTS:
C:\Program Files\unity\2020.3.11f1\Editor\Unity.exe
-adb2
-batchMode
-noUpm
-name
AssetImportWorker0
-projectPath
G:/inak/train
-logFile
Logs/AssetImportWorker0.log
-srvPort
54797
Successfully changed project path to: G:/inak/train
G:/inak/train
Using Asset Import Pipeline V2.
Refreshing native plugins compatible for Editor in 37.24 ms, found 3 plugins.
Preloading 0 native plugins for Editor in 0.00 ms.
Initialize engine version: 2020.3.11f1 (99c7afb366b3)
[Subsystems] Discovering subsystems at path C:/Program Files/unity/2020.3.11f1/Editor/Data/Resources/UnitySubsystems
[Subsystems] Discovering subsystems at path G:/inak/train/Assets
GfxDevice: creating device client; threaded=0
Direct3D:
    Version:  Direct3D 11.0 [level 11.1]
    Renderer: NVIDIA GeForce RTX 2060 SUPER (ID=0x1f06)
    Vendor:   
    VRAM:     8031 MB
    Driver:   30.0.14.7196
Initialize mono
Mono path[0] = 'C:/Program Files/unity/2020.3.11f1/Editor/Data/Managed'
Mono path[1] = 'C:/Program Files/unity/2020.3.11f1/Editor/Data/MonoBleedingEdge/lib/mono/unityjit'
Mono config path = 'C:/Program Files/unity/2020.3.11f1/Editor/Data/MonoBleedingEdge/etc'
Using monoOptions --debugger-agent=transport=dt_socket,embedding=1,server=y,suspend=n,address=127.0.0.1:56748
Begin MonoManager ReloadAssembly
Registering precompiled unity dll's ...
Register platform support module: C:/Program Files/unity/2020.3.11f1/Editor/Data/PlaybackEngines/WindowsStandaloneSupport/UnityEditor.WindowsStandalone.Extensions.dll
Registered in 0.001603 seconds.
Native extension for WindowsStandalone target not found
Refreshing native plugins compatible for Editor in 36.57 ms, found 3 plugins.
Preloading 0 native plugins for Editor in 0.00 ms.
Mono: successfully reloaded assembly
- Completed reload, in  1.425 seconds
Platform modules already initialized, skipping
Registering precompiled user dll's ...
Registered in 0.002668 seconds.
Begin MonoManager ReloadAssembly
Native extension for WindowsStandalone target not found
Refreshing native plugins compatible for Editor in 37.03 ms, found 3 plugins.
Preloading 0 native plugins for Editor in 0.00 ms.
Mono: successfully reloaded assembly
- Completed reload, in  0.886 seconds
Platform modules already initialized, skipping
========================================================================
Worker process is ready to serve import requests
Launched and connected shader compiler UnityShaderCompiler.exe after 0.03 seconds
Refreshing native plugins compatible for Editor in 0.45 ms, found 3 plugins.
Preloading 0 native plugins for Editor in 0.00 ms.
Unloading 2148 Unused Serialized files (Serialized files now loaded: 0)
System memory in use before: 95.0 MB.
System memory in use after: 95.0 MB.

Unloading 36 unused Assets to reduce memory usage. Loaded Objects now: 2588.
Total: 1.877400 ms (FindLiveObjects: 0.165800 ms CreateObjectMapping: 0.047600 ms MarkObjects: 1.554700 ms  DeleteObjects: 0.108500 ms)

========================================================================
Received Prepare
Registering precompiled user dll's ...
Registered in 0.002423 seconds.
Begin MonoManager ReloadAssembly
Native extension for WindowsStandalone target not found
Refreshing native plugins compatible for Editor in 0.46 ms, found 3 plugins.
Preloading 0 native plugins for Editor in 0.00 ms.
Mono: successfully reloaded assembly
- Completed reload, in  0.789 seconds
Platform modules already initialized, skipping
Switching build target platform(19) subTarget(0) extendedPlatform(0) -> platform(13) subTarget(537395200) extendedPlatform(0)
Refreshing native plugins compatible for Editor in 0.47 ms, found 3 plugins.
Preloading 0 native plugins for Editor in 0.00 ms.
Unloading 2145 Unused Serialized files (Serialized files now loaded: 0)
System memory in use before: 94.9 MB.
System memory in use after: 94.9 MB.

Unloading 23 unused Assets to reduce memory usage. Loaded Objects now: 2592.
Total: 1.972700 ms (FindLiveObjects: 0.181100 ms CreateObjectMapping: 0.058300 ms MarkObjects: 1.631600 ms  DeleteObjects: 0.100900 ms)

AssetImportParameters requested are different than current active one (requested -> active):
  custom:graphics/normal-map-encoding: 01000000000000000000000000000000 -> 02000000000000000000000000000000
========================================================================
Received Prepare
Registering precompiled user dll's ...
Registered in 0.002462 seconds.
Begin MonoManager ReloadAssembly
Native extension for WindowsStandalone target not found
Refreshing native plugins compatible for Editor in 0.46 ms, found 3 plugins.
Preloading 0 native plugins for Editor in 0.00 ms.
Mono: successfully reloaded assembly
- Completed reload, in  0.785 seconds
Platform modules already initialized, skipping
Switching build target platform(19) subTarget(0) extendedPlatform(0) -> platform(13) subTarget(537395200) extendedPlatform(0)
Refreshing native plugins compatible for Editor in 0.52 ms, found 3 plugins.
Preloading 0 native plugins for Editor in 0.00 ms.
Unloading 2145 Unused Serialized files (Serialized files now loaded: 0)
System memory in use before: 95.0 MB.
System memory in use after: 95.0 MB.

Unloading 23 unused Assets to reduce memory usage. Loaded Objects now: 2596.
Total: 1.893100 ms (FindLiveObjects: 0.171100 ms CreateObjectMapping: 0.066000 ms MarkObjects: 1.560900 ms  DeleteObjects: 0.094300 ms)

AssetImportParameters requested are different than current active one (requested -> active):
  custom:graphics/normal-map-encoding: 01000000000000000000000000000000 -> 02000000000000000000000000000000
========================================================================
Received Prepare
Registering precompiled user dll's ...
Registered in 0.002573 seconds.
Begin MonoManager ReloadAssembly
Native extension for WindowsStandalone target not found
Refreshing native plugins compatible for Editor in 0.47 ms, found 3 plugins.
Preloading 0 native plugins for Editor in 0.00 ms.
Mono: successfully reloaded assembly
- Completed reload, in  0.806 seconds
Platform modules already initialized, skipping
Switching build target platform(19) subTarget(0) extendedPlatform(0) -> platform(13) subTarget(537395200) extendedPlatform(0)
Refreshing native plugins compatible for Editor in 0.46 ms, found 3 plugins.
Preloading 0 native plugins for Editor in 0.00 ms.
Unloading 2145 Unused Serialized files (Serialized files now loaded: 0)
System memory in use before: 95.0 MB.
System memory in use after: 95.0 MB.

Unloading 23 unused Assets to reduce memory usage. Loaded Objects now: 2600.
Total: 1.890800 ms (FindLiveObjects: 0.173200 ms CreateObjectMapping: 0.047600 ms MarkObjects: 1.577900 ms  DeleteObjects: 0.091400 ms)

AssetImportParameters requested are different than current active one (requested -> active):
  custom:graphics/normal-map-encoding: 01000000000000000000000000000000 -> 02000000000000000000000000000000
========================================================================
Received Prepare
Registering precompiled user dll's ...
Registered in 0.002535 seconds.
Begin MonoManager ReloadAssembly
Native extension for WindowsStandalone target not found
Refreshing native plugins compatible for Editor in 0.52 ms, found 3 plugins.
Preloading 0 native plugins for Editor in 0.00 ms.
Mono: successfully reloaded assembly
- Completed reload, in  0.806 seconds
Platform modules already initialized, skipping
Switching build target platform(19) subTarget(0) extendedPlatform(0) -> platform(13) subTarget(537395200) extendedPlatform(0)
Refreshing native plugins compatible for Editor in 0.47 ms, found 3 plugins.
Preloading 0 native plugins for Editor in 0.00 ms.
Unloading 2145 Unused Serialized files (Serialized files now loaded: 0)
System memory in use before: 95.0 MB.
System memory in use after: 95.0 MB.

Unloading 23 unused Assets to reduce memory usage. Loaded Objects now: 2604.
Total: 1.885300 ms (FindLiveObjects: 0.167300 ms CreateObjectMapping: 0.046000 ms MarkObjects: 1.543200 ms  DeleteObjects: 0.128000 ms)

AssetImportParameters requested are different than current active one (requested -> active):
  custom:graphics/normal-map-encoding: 01000000000000000000000000000000 -> 02000000000000000000000000000000
========================================================================
Received Import Request.
  path: Assets/map/extra
  artifactKey: Guid(9bc0a27464a382a4791c9ea5dbb0b1fc) Importer(815301076,1909f56bfc062723c751e8b465ee728b)
Start importing Assets/map/extra using Guid(9bc0a27464a382a4791c9ea5dbb0b1fc) Importer(815301076,1909f56bfc062723c751e8b465ee728b)  -> (artifact id: '0083ea567de20735bc84216a6fc25d3b') in 0.013735 seconds
  Import took 0.017167 seconds .

========================================================================
Received Import Request.
  Time since last request: 0.070671 seconds.
  path: Assets/map/extra/grass.png
  artifactKey: Guid(2505d37f74694334cb3cd76d3fcdd5f7) Importer(815301076,1909f56bfc062723c751e8b465ee728b)
Start importing Assets/map/extra/grass.png using Guid(2505d37f74694334cb3cd76d3fcdd5f7) Importer(815301076,1909f56bfc062723c751e8b465ee728b)  -> (artifact id: '774d151228f25f155ce558aa7ca2f746') in 0.095407 seconds
  Import took 0.098340 seconds .

========================================================================
Received Import Request.
  Time since last request: 0.000183 seconds.
  path: Assets/map/extra/pond2.png
  artifactKey: Guid(9f9be2a421579d1498fd5c072cff3972) Importer(815301076,1909f56bfc062723c751e8b465ee728b)
Start importing Assets/map/extra/pond2.png using Guid(9f9be2a421579d1498fd5c072cff3972) Importer(815301076,1909f56bfc062723c751e8b465ee728b)  -> (artifact id: '7f29a840de7cf9b1e33233205699560c') in 0.031187 seconds
  Import took 0.034976 seconds .

========================================================================
Received Import Request.
  Time since last request: 0.000170 seconds.
  path: Assets/map/extra/pond1.png
  artifactKey: Guid(c2f0a78c829a54e4e9b8ca43329fe88e) Importer(815301076,1909f56bfc062723c751e8b465ee728b)
Start importing Assets/map/extra/pond1.png using Guid(c2f0a78c829a54e4e9b8ca43329fe88e) Importer(815301076,1909f56bfc062723c751e8b465ee728b)  -> (artifact id: 'df1ead5d89342a997e7ee20e3fc12a82') in 0.023060 seconds
  Import took 0.026409 seconds .

========================================================================
Received Import Request.
  Time since last request: 0.000160 seconds.
  path: Assets/map/extra/tree.png
  artifactKey: Guid(a39747b79a52bfd468df1075b78d5d65) Importer(815301076,1909f56bfc062723c751e8b465ee728b)
Start importing Assets/map/extra/tree.png using Guid(a39747b79a52bfd468df1075b78d5d65) Importer(815301076,1909f56bfc062723c751e8b465ee728b)  -> (artifact id: 'cac49383e638958ad64741aaf0ba3878') in 0.023811 seconds
  Import took 0.027094 seconds .

========================================================================
Received Import Request.
  Time since last request: 0.000221 seconds.
  path: Assets/map/extra/pond3.png
  artifactKey: Guid(2ff8f30c39a6e0447a0c1e28f7e99d09) Importer(815301076,1909f56bfc062723c751e8b465ee728b)
Start importing Assets/map/extra/pond3.png using Guid(2ff8f30c39a6e0447a0c1e28f7e99d09) Importer(815301076,1909f56bfc062723c751e8b465ee728b)  -> (artifact id: '5e21c71dc8a58673782b8ff4b8b8e12b') in 0.024209 seconds
  Import took 0.027476 seconds .

========================================================================
Received Import Request.
  Time since last request: 0.000174 seconds.
  path: Assets/map/extra/mountain.png
  artifactKey: Guid(d62245da5cc502c46ac1d0429d81363c) Importer(815301076,1909f56bfc062723c751e8b465ee728b)
Start importing Assets/map/extra/mountain.png using Guid(d62245da5cc502c46ac1d0429d81363c) Importer(815301076,1909f56bfc062723c751e8b465ee728b)  -> (artifact id: 'd51a4ef6a80fb0ba546aacf61fec9d05') in 0.025640 seconds
  Import took 0.028838 seconds .

========================================================================
Received Prepare
Registering precompiled user dll's ...
Registered in 0.003423 seconds.
Begin MonoManager ReloadAssembly
Native extension for WindowsStandalone target not found
Refreshing native plugins compatible for Editor in 0.47 ms, found 3 plugins.
Preloading 0 native plugins for Editor in 0.00 ms.
Mono: successfully reloaded assembly
- Completed reload, in  0.789 seconds
Platform modules already initialized, skipping
Switching build target platform(19) subTarget(0) extendedPlatform(0) -> platform(13) subTarget(537395200) extendedPlatform(0)
Refreshing native plugins compatible for Editor in 0.64 ms, found 3 plugins.
Preloading 0 native plugins for Editor in 0.00 ms.
Unloading 2145 Unused Serialized files (Serialized files now loaded: 0)
System memory in use before: 98.0 MB.
System memory in use after: 98.0 MB.

Unloading 23 unused Assets to reduce memory usage. Loaded Objects now: 2614.
Total: 1.940100 ms (FindLiveObjects: 0.191700 ms CreateObjectMapping: 0.047200 ms MarkObjects: 1.600300 ms  DeleteObjects: 0.100000 ms)

AssetImportParameters requested are different than current active one (requested -> active):
  custom:graphics/normal-map-encoding: 01000000000000000000000000000000 -> 02000000000000000000000000000000
========================================================================
Received Prepare
Registering precompiled user dll's ...
Registered in 0.002484 seconds.
Begin MonoManager ReloadAssembly
Native extension for WindowsStandalone target not found
Refreshing native plugins compatible for Editor in 0.46 ms, found 3 plugins.
Preloading 0 native plugins for Editor in 0.00 ms.
Mono: successfully reloaded assembly
- Completed reload, in  0.795 seconds
Platform modules already initialized, skipping
Switching build target platform(19) subTarget(0) extendedPlatform(0) -> platform(13) subTarget(537395200) extendedPlatform(0)
Refreshing native plugins compatible for Editor in 0.47 ms, found 3 plugins.
Preloading 0 native plugins for Editor in 0.00 ms.
Unloading 2145 Unused Serialized files (Serialized files now loaded: 0)
System memory in use before: 98.0 MB.
System memory in use after: 98.0 MB.

Unloading 23 unused Assets to reduce memory usage. Loaded Objects now: 2618.
Total: 1.893300 ms (FindLiveObjects: 0.186300 ms CreateObjectMapping: 0.047000 ms MarkObjects: 1.557800 ms  DeleteObjects: 0.101600 ms)

AssetImportParameters requested are different than current active one (requested -> active):
  custom:graphics/normal-map-encoding: 01000000000000000000000000000000 -> 02000000000000000000000000000000
========================================================================
Received Prepare
Refreshing native plugins compatible for Editor in 2.58 ms, found 3 plugins.
Preloading 0 native plugins for Editor in 0.00 ms.
Unloading 21 Unused Serialized files (Serialized files now loaded: 0)
System memory in use before: 56.1 MB.
System memory in use after: 56.1 MB.

Unloading 21 unused Assets to reduce memory usage. Loaded Objects now: 2618.
Total: 1.892400 ms (FindLiveObjects: 0.190300 ms CreateObjectMapping: 0.051800 ms MarkObjects: 1.560500 ms  DeleteObjects: 0.089400 ms)

========================================================================
Received Prepare
Refreshing native plugins compatible for Editor in 2.48 ms, found 3 plugins.
Preloading 0 native plugins for Editor in 0.00 ms.
Unloading 21 Unused Serialized files (Serialized files now loaded: 0)
System memory in use before: 56.2 MB.
System memory in use after: 56.1 MB.

Unloading 21 unused Assets to reduce memory usage. Loaded Objects now: 2618.
Total: 1.907500 ms (FindLiveObjects: 0.188400 ms CreateObjectMapping: 0.047500 ms MarkObjects: 1.580400 ms  DeleteObjects: 0.090700 ms)

========================================================================
Received Prepare
Refreshing native plugins compatible for Editor in 2.61 ms, found 3 plugins.
Preloading 0 native plugins for Editor in 0.00 ms.
Unloading 21 Unused Serialized files (Serialized files now loaded: 0)
System memory in use before: 56.2 MB.
System memory in use after: 56.1 MB.

Unloading 21 unused Assets to reduce memory usage. Loaded Objects now: 2618.
Total: 2.304100 ms (FindLiveObjects: 0.210000 ms CreateObjectMapping: 0.050600 ms MarkObjects: 1.922600 ms  DeleteObjects: 0.120100 ms)

========================================================================
Received Prepare
Refreshing native plugins compatible for Editor in 2.57 ms, found 3 plugins.
Preloading 0 native plugins for Editor in 0.00 ms.
Unloading 21 Unused Serialized files (Serialized files now loaded: 0)
System memory in use before: 56.2 MB.
System memory in use after: 56.1 MB.

Unloading 21 unused Assets to reduce memory usage. Loaded Objects now: 2618.
Total: 2.053800 ms (FindLiveObjects: 0.201700 ms CreateObjectMapping: 0.048000 ms MarkObjects: 1.701500 ms  DeleteObjects: 0.102000 ms)

========================================================================
Received Prepare
Refreshing native plugins compatible for Editor in 2.62 ms, found 3 plugins.
Preloading 0 native plugins for Editor in 0.00 ms.
Unloading 21 Unused Serialized files (Serialized files now loaded: 0)
System memory in use before: 56.2 MB.
System memory in use after: 56.1 MB.

Unloading 21 unused Assets to reduce memory usage. Loaded Objects now: 2618.
Total: 2.441800 ms (FindLiveObjects: 0.234000 ms CreateObjectMapping: 0.050700 ms MarkObjects: 2.045200 ms  DeleteObjects: 0.111000 ms)

========================================================================
Received Import Request.
  Time since last request: 5212.301625 seconds.
  path: Assets/map/extra/pond 1
  artifactKey: Guid(6cc315274a82bd44b946dcd3cf45d567) Importer(815301076,1909f56bfc062723c751e8b465ee728b)
Start importing Assets/map/extra/pond 1 using Guid(6cc315274a82bd44b946dcd3cf45d567) Importer(815301076,1909f56bfc062723c751e8b465ee728b)  -> (artifact id: '5c7ea9253114a2742c4798215550ff7f') in 0.006461 seconds
  Import took 0.010258 seconds .

========================================================================
Received Import Request.
  Time since last request: 0.081250 seconds.
  path: Assets/map/extra/pond 1/1.png
  artifactKey: Guid(a5a04d69372f9b345bbbbba79fabcfb3) Importer(815301076,1909f56bfc062723c751e8b465ee728b)
Start importing Assets/map/extra/pond 1/1.png using Guid(a5a04d69372f9b345bbbbba79fabcfb3) Importer(815301076,1909f56bfc062723c751e8b465ee728b)  -> (artifact id: '6ec24987700f7fab4a3773d56f9d08bf') in 0.102374 seconds
  Import took 0.127167 seconds .

========================================================================
Received Import Request.
  Time since last request: 0.000169 seconds.
  path: Assets/map/extra/pond 1/3.png
  artifactKey: Guid(3632cc7dab98e58469e2eabff9c4dca8) Importer(815301076,1909f56bfc062723c751e8b465ee728b)
Start importing Assets/map/extra/pond 1/3.png using Guid(3632cc7dab98e58469e2eabff9c4dca8) Importer(815301076,1909f56bfc062723c751e8b465ee728b)  -> (artifact id: '54a9acd55e9d812ac3ba85693d654b36') in 0.029083 seconds
  Import took 0.044745 seconds .

========================================================================
Received Import Request.
  Time since last request: 0.000159 seconds.
  path: Assets/map/extra/pond 1/2.png
  artifactKey: Guid(edfdaa9122a837a4b8799a3029849bc0) Importer(815301076,1909f56bfc062723c751e8b465ee728b)
Start importing Assets/map/extra/pond 1/2.png using Guid(edfdaa9122a837a4b8799a3029849bc0) Importer(815301076,1909f56bfc062723c751e8b465ee728b)  -> (artifact id: '042d4bbb057fdf92262230358f9c111b') in 0.016092 seconds
  Import took 0.033124 seconds .

========================================================================
Received Prepare
Registering precompiled user dll's ...
Registered in 0.002464 seconds.
Begin MonoManager ReloadAssembly
Native extension for WindowsStandalone target not found
Refreshing native plugins compatible for Editor in 0.48 ms, found 3 plugins.
Preloading 0 native plugins for Editor in 0.00 ms.
Mono: successfully reloaded assembly
- Completed reload, in  0.865 seconds
Platform modules already initialized, skipping
Switching build target platform(19) subTarget(0) extendedPlatform(0) -> platform(13) subTarget(537395200) extendedPlatform(0)
Refreshing native plugins compatible for Editor in 0.47 ms, found 3 plugins.
Preloading 0 native plugins for Editor in 0.00 ms.
Unloading 2145 Unused Serialized files (Serialized files now loaded: 0)
System memory in use before: 98.1 MB.
System memory in use after: 98.0 MB.

Unloading 23 unused Assets to reduce memory usage. Loaded Objects now: 2623.
Total: 1.939400 ms (FindLiveObjects: 0.171000 ms CreateObjectMapping: 0.047000 ms MarkObjects: 1.619300 ms  DeleteObjects: 0.101300 ms)

AssetImportParameters requested are different than current active one (requested -> active):
  custom:graphics/normal-map-encoding: 01000000000000000000000000000000 -> 02000000000000000000000000000000
========================================================================
Received Prepare
Registering precompiled user dll's ...
Registered in 0.002485 seconds.
Begin MonoManager ReloadAssembly
Native extension for WindowsStandalone target not found
Refreshing native plugins compatible for Editor in 0.47 ms, found 3 plugins.
Preloading 0 native plugins for Editor in 0.00 ms.
Mono: successfully reloaded assembly
- Completed reload, in  0.818 seconds
Platform modules already initialized, skipping
Switching build target platform(19) subTarget(0) extendedPlatform(0) -> platform(13) subTarget(537395200) extendedPlatform(0)
Refreshing native plugins compatible for Editor in 0.48 ms, found 3 plugins.
Preloading 0 native plugins for Editor in 0.00 ms.
Unloading 2145 Unused Serialized files (Serialized files now loaded: 0)
System memory in use before: 98.1 MB.
System memory in use after: 98.0 MB.

Unloading 23 unused Assets to reduce memory usage. Loaded Objects now: 2627.
Total: 2.260500 ms (FindLiveObjects: 0.225300 ms CreateObjectMapping: 0.058200 ms MarkObjects: 1.871700 ms  DeleteObjects: 0.104400 ms)

AssetImportParameters requested are different than current active one (requested -> active):
  custom:graphics/normal-map-encoding: 01000000000000000000000000000000 -> 02000000000000000000000000000000
========================================================================
Received Prepare
Registering precompiled user dll's ...
Registered in 0.002514 seconds.
Begin MonoManager ReloadAssembly
Native extension for WindowsStandalone target not found
Refreshing native plugins compatible for Editor in 0.47 ms, found 3 plugins.
Preloading 0 native plugins for Editor in 0.00 ms.
Mono: successfully reloaded assembly
- Completed reload, in  0.838 seconds
Platform modules already initialized, skipping
Switching build target platform(19) subTarget(0) extendedPlatform(0) -> platform(13) subTarget(537395200) extendedPlatform(0)
Refreshing native plugins compatible for Editor in 0.46 ms, found 3 plugins.
Preloading 0 native plugins for Editor in 0.00 ms.
Unloading 2145 Unused Serialized files (Serialized files now loaded: 0)
System memory in use before: 98.1 MB.
System memory in use after: 98.1 MB.

Unloading 23 unused Assets to reduce memory usage. Loaded Objects now: 2631.
Total: 1.934400 ms (FindLiveObjects: 0.180200 ms CreateObjectMapping: 0.047800 ms MarkObjects: 1.610100 ms  DeleteObjects: 0.095600 ms)

AssetImportParameters requested are different than current active one (requested -> active):
  custom:graphics/normal-map-encoding: 01000000000000000000000000000000 -> 02000000000000000000000000000000
========================================================================
Received Prepare
Registering precompiled user dll's ...
Registered in 0.002607 seconds.
Begin MonoManager ReloadAssembly
Native extension for WindowsStandalone target not found
Refreshing native plugins compatible for Editor in 0.47 ms, found 3 plugins.
Preloading 0 native plugins for Editor in 0.00 ms.
Mono: successfully reloaded assembly
- Completed reload, in  0.823 seconds
Platform modules already initialized, skipping
Switching build target platform(19) subTarget(0) extendedPlatform(0) -> platform(13) subTarget(537395200) extendedPlatform(0)
Refreshing native plugins compatible for Editor in 0.49 ms, found 3 plugins.
Preloading 0 native plugins for Editor in 0.00 ms.
Unloading 2145 Unused Serialized files (Serialized files now loaded: 0)
System memory in use before: 98.1 MB.
System memory in use after: 98.1 MB.

Unloading 23 unused Assets to reduce memory usage. Loaded Objects now: 2635.
Total: 1.934500 ms (FindLiveObjects: 0.172300 ms CreateObjectMapping: 0.047700 ms MarkObjects: 1.606500 ms  DeleteObjects: 0.107000 ms)

AssetImportParameters requested are different than current active one (requested -> active):
  custom:graphics/normal-map-encoding: 01000000000000000000000000000000 -> 02000000000000000000000000000000
========================================================================
Received Import Request.
  Time since last request: 654.584908 seconds.
  path: Assets/map/extra/pond 2
  artifactKey: Guid(d94d8f81d0b3080419a9caf36a9a09f9) Importer(815301076,1909f56bfc062723c751e8b465ee728b)
Start importing Assets/map/extra/pond 2 using Guid(d94d8f81d0b3080419a9caf36a9a09f9) Importer(815301076,1909f56bfc062723c751e8b465ee728b)  -> (artifact id: '01198f1cae8242545dd3c29916a374b4') in 0.007723 seconds
  Import took 0.033981 seconds .

========================================================================
Received Import Request.
  Time since last request: 0.091137 seconds.
  path: Assets/map/extra/pond 2/1.png
  artifactKey: Guid(0ce08f7ff19e27648bb29f7ff6987254) Importer(815301076,1909f56bfc062723c751e8b465ee728b)
Start importing Assets/map/extra/pond 2/1.png using Guid(0ce08f7ff19e27648bb29f7ff6987254) Importer(815301076,1909f56bfc062723c751e8b465ee728b)  -> (artifact id: 'ec50d9bd7313b1fc448fda634bf01efa') in 0.043157 seconds
  Import took 0.057331 seconds .

========================================================================
Received Import Request.
  Time since last request: 0.000159 seconds.
  path: Assets/map/extra/pond 2/2.png
  artifactKey: Guid(651ce61e09707f34a84331a0221cffbf) Importer(815301076,1909f56bfc062723c751e8b465ee728b)
Start importing Assets/map/extra/pond 2/2.png using Guid(651ce61e09707f34a84331a0221cffbf) Importer(815301076,1909f56bfc062723c751e8b465ee728b)  -> (artifact id: '4bc719e3c6118875384e16d7e636da3f') in 0.014066 seconds
  Import took 0.029191 seconds .

========================================================================
Received Import Request.
  Time since last request: 0.000158 seconds.
  path: Assets/map/extra/pond 2/3.png
  artifactKey: Guid(19c558a191a6f1e4b96af2566d33bbde) Importer(815301076,1909f56bfc062723c751e8b465ee728b)
Start importing Assets/map/extra/pond 2/3.png using Guid(19c558a191a6f1e4b96af2566d33bbde) Importer(815301076,1909f56bfc062723c751e8b465ee728b)  -> (artifact id: 'af1aea6b01f05c75086b21310d12e051') in 0.011992 seconds
  Import took 0.015854 seconds .

========================================================================
Received Prepare
Registering precompiled user dll's ...
Registered in 0.002515 seconds.
Begin MonoManager ReloadAssembly
Native extension for WindowsStandalone target not found
Refreshing native plugins compatible for Editor in 0.47 ms, found 3 plugins.
Preloading 0 native plugins for Editor in 0.00 ms.
Mono: successfully reloaded assembly
- Completed reload, in  0.835 seconds
Platform modules already initialized, skipping
Switching build target platform(19) subTarget(0) extendedPlatform(0) -> platform(13) subTarget(537395200) extendedPlatform(0)
Refreshing native plugins compatible for Editor in 0.50 ms, found 3 plugins.
Preloading 0 native plugins for Editor in 0.00 ms.
Unloading 2145 Unused Serialized files (Serialized files now loaded: 0)
System memory in use before: 98.1 MB.
System memory in use after: 98.1 MB.

Unloading 23 unused Assets to reduce memory usage. Loaded Objects now: 2640.
Total: 1.997400 ms (FindLiveObjects: 0.183000 ms CreateObjectMapping: 0.048500 ms MarkObjects: 1.613400 ms  DeleteObjects: 0.151500 ms)

AssetImportParameters requested are different than current active one (requested -> active):
  custom:graphics/normal-map-encoding: 01000000000000000000000000000000 -> 02000000000000000000000000000000
========================================================================
Received Prepare
Registering precompiled user dll's ...
Registered in 0.002452 seconds.
Begin MonoManager ReloadAssembly
Native extension for WindowsStandalone target not found
Refreshing native plugins compatible for Editor in 0.46 ms, found 3 plugins.
Preloading 0 native plugins for Editor in 0.00 ms.
Mono: successfully reloaded assembly
- Completed reload, in  0.827 seconds
Platform modules already initialized, skipping
Switching build target platform(19) subTarget(0) extendedPlatform(0) -> platform(13) subTarget(537395200) extendedPlatform(0)
Refreshing native plugins compatible for Editor in 0.47 ms, found 3 plugins.
Preloading 0 native plugins for Editor in 0.00 ms.
Unloading 2145 Unused Serialized files (Serialized files now loaded: 0)
System memory in use before: 98.1 MB.
System memory in use after: 98.1 MB.

Unloading 23 unused Assets to reduce memory usage. Loaded Objects now: 2644.
Total: 1.973500 ms (FindLiveObjects: 0.209000 ms CreateObjectMapping: 0.052500 ms MarkObjects: 1.610500 ms  DeleteObjects: 0.100700 ms)

AssetImportParameters requested are different than current active one (requested -> active):
  custom:graphics/normal-map-encoding: 01000000000000000000000000000000 -> 02000000000000000000000000000000
========================================================================
Received Import Request.
  Time since last request: 293.550849 seconds.
  path: Assets/map/extra/pond 3
  artifactKey: Guid(1c754899d8ad9a14e967bfcc3fac4254) Importer(815301076,1909f56bfc062723c751e8b465ee728b)
Start importing Assets/map/extra/pond 3 using Guid(1c754899d8ad9a14e967bfcc3fac4254) Importer(815301076,1909f56bfc062723c751e8b465ee728b)  -> (artifact id: 'ce9a912175c1caa0511fb8b7fe0f127a') in 0.007683 seconds
  Import took 0.029260 seconds .

========================================================================
Received Import Request.
  Time since last request: 0.052140 seconds.
  path: Assets/map/extra/pond 3/1.png
  artifactKey: Guid(d3660d954156c5f48a3d965e1d18c259) Importer(815301076,1909f56bfc062723c751e8b465ee728b)
Start importing Assets/map/extra/pond 3/1.png using Guid(d3660d954156c5f48a3d965e1d18c259) Importer(815301076,1909f56bfc062723c751e8b465ee728b)  -> (artifact id: '5f3524df39e6f602147e397fcf456308') in 0.041434 seconds
  Import took 0.045113 seconds .

========================================================================
Received Import Request.
  Time since last request: 0.000143 seconds.
  path: Assets/map/extra/pond 3/2.png
  artifactKey: Guid(3cab04b41d0ee174f95f0ab45ff211ed) Importer(815301076,1909f56bfc062723c751e8b465ee728b)
Start importing Assets/map/extra/pond 3/2.png using Guid(3cab04b41d0ee174f95f0ab45ff211ed) Importer(815301076,1909f56bfc062723c751e8b465ee728b)  -> (artifact id: 'c914481ff759967e36b1bc36f629b4b4') in 0.014557 seconds
  Import took 0.017892 seconds .

========================================================================
Received Import Request.
  Time since last request: 0.000157 seconds.
  path: Assets/map/extra/pond 3/3.png
  artifactKey: Guid(32605d6ed7e5d6d43af48c3dbd645586) Importer(815301076,1909f56bfc062723c751e8b465ee728b)
Start importing Assets/map/extra/pond 3/3.png using Guid(32605d6ed7e5d6d43af48c3dbd645586) Importer(815301076,1909f56bfc062723c751e8b465ee728b)  -> (artifact id: '4e86ecd880a1062e1815dae8e1aed579') in 0.015097 seconds
  Import took 0.052966 seconds .

========================================================================
Received Prepare
Registering precompiled user dll's ...
Registered in 0.002471 seconds.
Begin MonoManager ReloadAssembly
Native extension for WindowsStandalone target not found
Refreshing native plugins compatible for Editor in 0.51 ms, found 3 plugins.
Preloading 0 native plugins for Editor in 0.00 ms.
Mono: successfully reloaded assembly
- Completed reload, in  0.847 seconds
Platform modules already initialized, skipping
Switching build target platform(19) subTarget(0) extendedPlatform(0) -> platform(13) subTarget(537395200) extendedPlatform(0)
Refreshing native plugins compatible for Editor in 0.49 ms, found 3 plugins.
Preloading 0 native plugins for Editor in 0.00 ms.
Unloading 2145 Unused Serialized files (Serialized files now loaded: 0)
System memory in use before: 98.1 MB.
System memory in use after: 98.1 MB.

Unloading 23 unused Assets to reduce memory usage. Loaded Objects now: 2649.
Total: 1.900400 ms (FindLiveObjects: 0.170100 ms CreateObjectMapping: 0.047400 ms MarkObjects: 1.578900 ms  DeleteObjects: 0.103300 ms)

AssetImportParameters requested are different than current active one (requested -> active):
  custom:graphics/normal-map-encoding: 01000000000000000000000000000000 -> 02000000000000000000000000000000
========================================================================
Received Prepare
Refreshing native plugins compatible for Editor in 2.53 ms, found 3 plugins.
Preloading 0 native plugins for Editor in 0.00 ms.
Unloading 21 Unused Serialized files (Serialized files now loaded: 0)
System memory in use before: 56.3 MB.
System memory in use after: 56.2 MB.

Unloading 21 unused Assets to reduce memory usage. Loaded Objects now: 2649.
Total: 1.909900 ms (FindLiveObjects: 0.189900 ms CreateObjectMapping: 0.050000 ms MarkObjects: 1.574700 ms  DeleteObjects: 0.094700 ms)

========================================================================
Received Prepare
Refreshing native plugins compatible for Editor in 2.54 ms, found 3 plugins.
Preloading 0 native plugins for Editor in 0.00 ms.
Unloading 21 Unused Serialized files (Serialized files now loaded: 0)
System memory in use before: 56.3 MB.
System memory in use after: 56.2 MB.

Unloading 21 unused Assets to reduce memory usage. Loaded Objects now: 2649.
Total: 1.983500 ms (FindLiveObjects: 0.191900 ms CreateObjectMapping: 0.048000 ms MarkObjects: 1.652600 ms  DeleteObjects: 0.090400 ms)

